#
# There is insufficient memory for the Java Runtime Environment to continue.
# Native memory allocation (mmap) failed to map 27262976 bytes for Failed to commit area from 0x000000008a200000 to 0x000000008bc00000 of length 27262976.
# Possible reasons:
#   The system is out of physical RAM or swap space
#   The process is running with CompressedOops enabled, and the Java Heap may be blocking the growth of the native heap
# Possible solutions:
#   Reduce memory load on the system
#   Increase physical memory or swap space
#   Check if swap backing store is full
#   Decrease Java heap size (-Xmx/-Xms)
#   Decrease number of Java threads
#   Decrease Java thread stack sizes (-Xss)
#   Set larger code cache with -XX:ReservedCodeCacheSize=
#   JVM is running with Unscaled Compressed Oops mode in which the Java heap is
#     placed in the first 4GB address space. The Java Heap base address is the
#     maximum limit for the native heap growth. Please use -XX:HeapBaseMinAddress
#     to set the Java Heap base and to place the Java Heap above 4GB virtual address.
# This output file may be truncated or incomplete.
#
#  Out of Memory Error (./src/hotspot/os/windows/os_windows.cpp:3301), pid=29540, tid=26028
#
# JRE version: OpenJDK Runtime Environment (11.0.10) (build 11.0.10+0-b96-7249189)
# Java VM: OpenJDK 64-Bit Server VM (11.0.10+0-b96-7249189, mixed mode, tiered, compressed oops, g1 gc, windows-amd64)
# No core dump will be written. Minidumps are not enabled by default on client versions of Windows
#

---------------  S U M M A R Y ------------

Command Line: org.jetbrains.kotlin.cli.jvm.K2JVMCompiler @C:\Users\Saurabh\AndroidStudioProjects\CrickStars\app\build\20210915_15884614000943723701.compiler.options

Host: Intel(R) Core(TM) i5-8300H CPU @ 2.30GHz, 8 cores, 7G,  Windows 10 , 64 bit Build 19041 (10.0.19041.1023)
Time: Wed Sep 15 19:22:55 2021 India Standard Time elapsed time: 4.641464 seconds (0d 0h 0m 4s)

---------------  T H R E A D  ---------------

Current thread (0x000001b1c09e4800):  VMThread "VM Thread" [stack: 0x000000788b200000,0x000000788b300000] [id=26028]

Stack: [0x000000788b200000,0x000000788b300000]
[error occurred during error reporting (printing stack bounds), id 0xc0000005, EXCEPTION_ACCESS_VIOLATION (0xc0000005) at pc=0x000001b1a9a70f2d]

Native frames: (J=compiled Java code, j=interpreted, Vv=VM code, C=native code)
V  [jvm.dll+0x5ecfaa]
V  [jvm.dll+0x722bd5]
V  [jvm.dll+0x72412d]
V  [jvm.dll+0x724745]
V  [jvm.dll+0x7246fb]
V  [jvm.dll+0x5ec348]
V  [jvm.dll+0x5ecad8]
C  [ntdll.dll+0xa217f]
C  [ntdll.dll+0x51454]
C  [ntdll.dll+0xa0cae]
C  0x000001b1a9a70f2d

VM_Operation (0x000000788acf9c70): G1CollectForAllocation, mode: safepoint, requested by thread 0x000001b1a5f7b000


---------------  P R O C E S S  ---------------

Threads class SMR info:
_java_thread_list=0x000001b1c5e4c2a0, length=12, elements={
0x000001b1a5f7b000, 0x000001b1c09eb800, 0x000001b1c09f5000, 0x000001b1c1377800,
0x000001b1c137a000, 0x000001b1c137b000, 0x000001b1c137f000, 0x000001b1c0a11800,
0x000001b1c0a15000, 0x000001b1c14ef800, 0x000001b1c14e0000, 0x000001b1c66d5800
}

Java Threads: ( => current thread )
  0x000001b1a5f7b000 JavaThread "main" [_thread_blocked, id=25040, stack(0x000000788ac00000,0x000000788ad00000)]
  0x000001b1c09eb800 JavaThread "Reference Handler" daemon [_thread_blocked, id=13736, stack(0x000000788b300000,0x000000788b400000)]
  0x000001b1c09f5000 JavaThread "Finalizer" daemon [_thread_blocked, id=7536, stack(0x000000788b400000,0x000000788b500000)]
  0x000001b1c1377800 JavaThread "Signal Dispatcher" daemon [_thread_blocked, id=26380, stack(0x000000788b500000,0x000000788b600000)]
  0x000001b1c137a000 JavaThread "Attach Listener" daemon [_thread_blocked, id=28980, stack(0x000000788b600000,0x000000788b700000)]
  0x000001b1c137b000 JavaThread "Service Thread" daemon [_thread_blocked, id=1672, stack(0x000000788b700000,0x000000788b800000)]
  0x000001b1c137f000 JavaThread "C2 CompilerThread0" daemon [_thread_in_native, id=2092, stack(0x000000788b800000,0x000000788b900000)]
  0x000001b1c0a11800 JavaThread "C1 CompilerThread0" daemon [_thread_blocked, id=17968, stack(0x000000788b900000,0x000000788ba00000)]
  0x000001b1c0a15000 JavaThread "Sweeper thread" daemon [_thread_blocked, id=3436, stack(0x000000788ba00000,0x000000788bb00000)]
  0x000001b1c14ef800 JavaThread "Common-Cleaner" daemon [_thread_blocked, id=29944, stack(0x000000788bc00000,0x000000788bd00000)]
  0x000001b1c14e0000 JavaThread "C2 CompilerThread1" daemon [_thread_in_native, id=29260, stack(0x000000788bd00000,0x000000788be00000)]
  0x000001b1c66d5800 JavaThread "C2 CompilerThread2" daemon [_thread_blocked, id=26716, stack(0x000000788c100000,0x000000788c200000)]

Other Threads:
=>0x000001b1c09e4800 VMThread "VM Thread" [stack: 0x000000788b200000,0x000000788b300000] [id=26028]
  0x000001b1c14df800 WatcherThread [stack: 0x000000788bb00000,0x000000788bc00000] [id=23892]
  0x000001b1a5f92800 GCTaskThread "GC Thread#0" [stack: 0x000000788ad00000,0x000000788ae00000] [id=27620]
  0x000001b1c1b21000 GCTaskThread "GC Thread#1" [stack: 0x000000788be00000,0x000000788bf00000] [id=25068]
  0x000001b1c1b22000 GCTaskThread "GC Thread#2" [stack: 0x000000788bf00000,0x000000788c000000] [id=17444]
  0x000001b1a5fc2000 ConcurrentGCThread "G1 Main Marker" [stack: 0x000000788ae00000,0x000000788af00000] [id=25640]
  0x000001b1a5fc4800 ConcurrentGCThread "G1 Conc#0" [stack: 0x000000788af00000,0x000000788b000000] [id=25008]
  0x000001b1c1ccb800 ConcurrentGCThread "G1 Conc#1" [stack: 0x000000788c000000,0x000000788c100000] [id=22548]
  0x000001b1c0830800 ConcurrentGCThread "G1 Refine#0" [stack: 0x000000788b000000,0x000000788b100000] [id=24140]
  0x000001b1c0831000 ConcurrentGCThread "G1 Young RemSet Sampling" [stack: 0x000000788b100000,0x000000788b200000] [id=21672]

Threads with active compile tasks:
C2 CompilerThread0   4657 3076   !   4       jdk.internal.loader.BuiltinClassLoader::findClassOnClassPathOrNull (64 bytes)
C2 CompilerThread1   4657 3013       4       java.lang.ClassLoader::loadClass (7 bytes)
C2 CompilerThread2   4657 3448       4       org.jetbrains.org.objectweb.asm.ClassReader::readMethod (1061 bytes)

VM state:at safepoint (normal execution)

VM Mutex/Monitor currently owned by a thread:  ([mutex/lock_event])
[0x000001b1a5f75cf0] Threads_lock - owner thread: 0x000001b1c09e4800
[0x000001b1a5f76f80] Heap_lock - owner thread: 0x000001b1a5f7b000

Heap address: 0x0000000082400000, size: 2012 MB, Compressed Oops mode: 32-bit
Narrow klass base: 0x0000000000000000, Narrow klass shift: 3
Compressed class space size: 1073741824 Address: 0x0000000100000000

Heap:
 garbage-first heap   total 155648K, used 34794K [0x0000000082400000, 0x0000000100000000)
  region size 1024K, 8 young (8192K), 8 survivors (8192K)
 Metaspace       used 45186K, capacity 45726K, committed 46080K, reserved 1089536K
  class space    used 5326K, capacity 5512K, committed 5632K, reserved 1048576K
Heap Regions: E=young(eden), S=young(survivor), O=old, HS=humongous(starts), HC=humongous(continues), CS=collection set, F=free, A=archive, TAMS=top-at-mark-start (previous, next)
|   0|0x0000000082400000, 0x0000000082500000, 0x0000000082500000|100%|HS|  |TAMS 0x0000000082500000, 0x0000000082400000| Complete 
|   1|0x0000000082500000, 0x0000000082600000, 0x0000000082600000|100%|HC|  |TAMS 0x0000000082600000, 0x0000000082500000| Complete 
|   2|0x0000000082600000, 0x0000000082700000, 0x0000000082700000|100%|HC|  |TAMS 0x0000000082700000, 0x0000000082600000| Complete 
|   3|0x0000000082700000, 0x0000000082800000, 0x0000000082800000|100%|HS|  |TAMS 0x0000000082800000, 0x0000000082700000| Complete 
|   4|0x0000000082800000, 0x0000000082900000, 0x0000000082900000|100%|HC|  |TAMS 0x0000000082900000, 0x0000000082800000| Complete 
|   5|0x0000000082900000, 0x0000000082a00000, 0x0000000082a00000|100%|HC|  |TAMS 0x0000000082a00000, 0x0000000082900000| Complete 
|   6|0x0000000082a00000, 0x0000000082b00000, 0x0000000082b00000|100%|HS|  |TAMS 0x0000000082b00000, 0x0000000082a00000| Complete 
|   7|0x0000000082b00000, 0x0000000082c00000, 0x0000000082c00000|100%|HC|  |TAMS 0x0000000082c00000, 0x0000000082b00000| Complete 
|   8|0x0000000082c00000, 0x0000000082d00000, 0x0000000082d00000|100%|HC|  |TAMS 0x0000000082d00000, 0x0000000082c00000| Complete 
|   9|0x0000000082d00000, 0x0000000082e00000, 0x0000000082e00000|100%| O|  |TAMS 0x0000000082e00000, 0x0000000082d00000| Untracked 
|  10|0x0000000082e00000, 0x0000000082f00000, 0x0000000082f00000|100%| O|  |TAMS 0x0000000082f00000, 0x0000000082e00000| Untracked 
|  11|0x0000000082f00000, 0x0000000083000000, 0x0000000083000000|100%| O|  |TAMS 0x0000000083000000, 0x0000000082f00000| Untracked 
|  12|0x0000000083000000, 0x0000000083100000, 0x0000000083100000|100%| O|  |TAMS 0x0000000083100000, 0x0000000083000000| Untracked 
|  13|0x0000000083100000, 0x0000000083200000, 0x0000000083200000|100%|HS|  |TAMS 0x0000000083100000, 0x0000000083100000| Complete 
|  14|0x0000000083200000, 0x0000000083300000, 0x0000000083300000|100%|HC|  |TAMS 0x0000000083200000, 0x0000000083200000| Complete 
|  15|0x0000000083300000, 0x0000000083400000, 0x0000000083400000|100%| O|  |TAMS 0x0000000083400000, 0x0000000083300000| Untracked 
|  16|0x0000000083400000, 0x0000000083500000, 0x0000000083500000|100%| O|  |TAMS 0x0000000083500000, 0x0000000083400000| Untracked 
|  17|0x0000000083500000, 0x0000000083600000, 0x0000000083600000|100%| O|  |TAMS 0x0000000083600000, 0x0000000083500000| Untracked 
|  18|0x0000000083600000, 0x0000000083700000, 0x0000000083700000|100%| O|  |TAMS 0x0000000083700000, 0x0000000083600000| Untracked 
|  19|0x0000000083700000, 0x0000000083800000, 0x0000000083800000|100%| O|  |TAMS 0x0000000083800000, 0x0000000083700000| Untracked 
|  20|0x0000000083800000, 0x0000000083900000, 0x0000000083900000|100%| O|  |TAMS 0x0000000083900000, 0x0000000083800000| Untracked 
|  21|0x0000000083900000, 0x0000000083a00000, 0x0000000083a00000|100%| O|  |TAMS 0x0000000083a00000, 0x0000000083900000| Untracked 
|  22|0x0000000083a00000, 0x0000000083b00000, 0x0000000083b00000|100%| O|  |TAMS 0x0000000083afd800, 0x0000000083a00000| Untracked 
|  23|0x0000000083b00000, 0x0000000083b00000, 0x0000000083c00000|  0%| F|  |TAMS 0x0000000083b00000, 0x0000000083b00000| Untracked 
|  24|0x0000000083c00000, 0x0000000083d00000, 0x0000000083d00000|100%| O|  |TAMS 0x0000000083c00000, 0x0000000083c00000| Untracked 
|  25|0x0000000083d00000, 0x0000000083e00000, 0x0000000083e00000|100%| O|  |TAMS 0x0000000083d00000, 0x0000000083d00000| Untracked 
|  26|0x0000000083e00000, 0x0000000083efa800, 0x0000000083f00000| 97%| O|  |TAMS 0x0000000083e00000, 0x0000000083e00000| Untracked 
|  27|0x0000000083f00000, 0x0000000083f00000, 0x0000000084000000|  0%| F|  |TAMS 0x0000000083f00000, 0x0000000083f00000| Untracked 
|  28|0x0000000084000000, 0x0000000084000000, 0x0000000084100000|  0%| F|  |TAMS 0x0000000084000000, 0x0000000084000000| Untracked 
|  29|0x0000000084100000, 0x0000000084100000, 0x0000000084200000|  0%| F|  |TAMS 0x0000000084100000, 0x0000000084100000| Untracked 
|  30|0x0000000084200000, 0x0000000084200000, 0x0000000084300000|  0%| F|  |TAMS 0x0000000084200000, 0x0000000084200000| Untracked 
|  31|0x0000000084300000, 0x0000000084300000, 0x0000000084400000|  0%| F|  |TAMS 0x0000000084300000, 0x0000000084300000| Untracked 
|  32|0x0000000084400000, 0x0000000084400000, 0x0000000084500000|  0%| F|  |TAMS 0x0000000084400000, 0x0000000084400000| Untracked 
|  33|0x0000000084500000, 0x0000000084500000, 0x0000000084600000|  0%| F|  |TAMS 0x0000000084500000, 0x0000000084500000| Untracked 
|  34|0x0000000084600000, 0x0000000084600000, 0x0000000084700000|  0%| F|  |TAMS 0x0000000084600000, 0x0000000084600000| Untracked 
|  35|0x0000000084700000, 0x0000000084700000, 0x0000000084800000|  0%| F|  |TAMS 0x0000000084700000, 0x0000000084700000| Untracked 
|  36|0x0000000084800000, 0x0000000084800000, 0x0000000084900000|  0%| F|  |TAMS 0x0000000084800000, 0x0000000084800000| Untracked 
|  37|0x0000000084900000, 0x0000000084900000, 0x0000000084a00000|  0%| F|  |TAMS 0x0000000084900000, 0x0000000084900000| Untracked 
|  38|0x0000000084a00000, 0x0000000084a00000, 0x0000000084b00000|  0%| F|  |TAMS 0x0000000084a00000, 0x0000000084a00000| Untracked 
|  39|0x0000000084b00000, 0x0000000084b00000, 0x0000000084c00000|  0%| F|  |TAMS 0x0000000084b00000, 0x0000000084b00000| Untracked 
|  40|0x0000000084c00000, 0x0000000084c00000, 0x0000000084d00000|  0%| F|  |TAMS 0x0000000084c00000, 0x0000000084c00000| Untracked 
|  41|0x0000000084d00000, 0x0000000084d00000, 0x0000000084e00000|  0%| F|  |TAMS 0x0000000084d00000, 0x0000000084d00000| Untracked 
|  42|0x0000000084e00000, 0x0000000084e00000, 0x0000000084f00000|  0%| F|  |TAMS 0x0000000084e00000, 0x0000000084e00000| Untracked 
|  43|0x0000000084f00000, 0x0000000084f00000, 0x0000000085000000|  0%| F|  |TAMS 0x0000000084f00000, 0x0000000084f00000| Untracked 
|  44|0x0000000085000000, 0x0000000085000000, 0x0000000085100000|  0%| F|  |TAMS 0x0000000085000000, 0x0000000085000000| Untracked 
|  45|0x0000000085100000, 0x0000000085100000, 0x0000000085200000|  0%| F|  |TAMS 0x0000000085100000, 0x0000000085100000| Untracked 
|  46|0x0000000085200000, 0x0000000085200000, 0x0000000085300000|  0%| F|  |TAMS 0x0000000085200000, 0x0000000085200000| Untracked 
|  47|0x0000000085300000, 0x0000000085300000, 0x0000000085400000|  0%| F|  |TAMS 0x0000000085300000, 0x0000000085300000| Untracked 
|  48|0x0000000085400000, 0x0000000085400000, 0x0000000085500000|  0%| F|  |TAMS 0x0000000085400000, 0x0000000085400000| Untracked 
|  49|0x0000000085500000, 0x0000000085500000, 0x0000000085600000|  0%| F|  |TAMS 0x0000000085500000, 0x0000000085500000| Untracked 
|  50|0x0000000085600000, 0x0000000085600000, 0x0000000085700000|  0%| F|  |TAMS 0x0000000085600000, 0x0000000085600000| Untracked 
|  51|0x0000000085700000, 0x0000000085700000, 0x0000000085800000|  0%| F|  |TAMS 0x0000000085700000, 0x0000000085700000| Untracked 
|  52|0x0000000085800000, 0x0000000085800000, 0x0000000085900000|  0%| F|  |TAMS 0x0000000085800000, 0x0000000085800000| Untracked 
|  53|0x0000000085900000, 0x0000000085900000, 0x0000000085a00000|  0%| F|  |TAMS 0x0000000085900000, 0x0000000085900000| Untracked 
|  54|0x0000000085a00000, 0x0000000085b00000, 0x0000000085b00000|100%| S|CS|TAMS 0x0000000085a00000, 0x0000000085a00000| Complete 
|  55|0x0000000085b00000, 0x0000000085c00000, 0x0000000085c00000|100%| S|CS|TAMS 0x0000000085b00000, 0x0000000085b00000| Complete 
|  56|0x0000000085c00000, 0x0000000085d00000, 0x0000000085d00000|100%| S|CS|TAMS 0x0000000085c00000, 0x0000000085c00000| Complete 
|  57|0x0000000085d00000, 0x0000000085e00000, 0x0000000085e00000|100%| S|CS|TAMS 0x0000000085d00000, 0x0000000085d00000| Complete 
|  58|0x0000000085e00000, 0x0000000085f00000, 0x0000000085f00000|100%| S|CS|TAMS 0x0000000085e00000, 0x0000000085e00000| Complete 
|  59|0x0000000085f00000, 0x0000000086000000, 0x0000000086000000|100%| S|CS|TAMS 0x0000000085f00000, 0x0000000085f00000| Complete 
|  60|0x0000000086000000, 0x0000000086100000, 0x0000000086100000|100%| S|CS|TAMS 0x0000000086000000, 0x0000000086000000| Complete 
|  61|0x0000000086100000, 0x0000000086200000, 0x0000000086200000|100%| S|CS|TAMS 0x0000000086100000, 0x0000000086100000| Complete 
|  62|0x0000000086200000, 0x0000000086200000, 0x0000000086300000|  0%| F|  |TAMS 0x0000000086200000, 0x0000000086200000| Untracked 
|  63|0x0000000086300000, 0x0000000086300000, 0x0000000086400000|  0%| F|  |TAMS 0x0000000086300000, 0x0000000086300000| Untracked 
|  64|0x0000000086400000, 0x0000000086400000, 0x0000000086500000|  0%| F|  |TAMS 0x0000000086400000, 0x0000000086400000| Untracked 
|  65|0x0000000086500000, 0x0000000086500000, 0x0000000086600000|  0%| F|  |TAMS 0x0000000086500000, 0x0000000086500000| Untracked 
|  66|0x0000000086600000, 0x0000000086600000, 0x0000000086700000|  0%| F|  |TAMS 0x0000000086600000, 0x0000000086600000| Untracked 
|  67|0x0000000086700000, 0x0000000086700000, 0x0000000086800000|  0%| F|  |TAMS 0x0000000086700000, 0x0000000086700000| Untracked 
|  68|0x0000000086800000, 0x0000000086800000, 0x0000000086900000|  0%| F|  |TAMS 0x0000000086800000, 0x0000000086800000| Untracked 
|  69|0x0000000086900000, 0x0000000086900000, 0x0000000086a00000|  0%| F|  |TAMS 0x0000000086900000, 0x0000000086900000| Untracked 
|  70|0x0000000086a00000, 0x0000000086a00000, 0x0000000086b00000|  0%| F|  |TAMS 0x0000000086a00000, 0x0000000086a00000| Untracked 
|  71|0x0000000086b00000, 0x0000000086b00000, 0x0000000086c00000|  0%| F|  |TAMS 0x0000000086b00000, 0x0000000086b00000| Untracked 
|  72|0x0000000086c00000, 0x0000000086c00000, 0x0000000086d00000|  0%| F|  |TAMS 0x0000000086c00000, 0x0000000086c00000| Untracked 
|  73|0x0000000086d00000, 0x0000000086d00000, 0x0000000086e00000|  0%| F|  |TAMS 0x0000000086d00000, 0x0000000086d00000| Untracked 
|  74|0x0000000086e00000, 0x0000000086e00000, 0x0000000086f00000|  0%| F|  |TAMS 0x0000000086e00000, 0x0000000086e00000| Untracked 
|  75|0x0000000086f00000, 0x0000000086f00000, 0x0000000087000000|  0%| F|  |TAMS 0x0000000086f00000, 0x0000000086f00000| Untracked 
|  76|0x0000000087000000, 0x0000000087000000, 0x0000000087100000|  0%| F|  |TAMS 0x0000000087000000, 0x0000000087000000| Untracked 
|  77|0x0000000087100000, 0x0000000087100000, 0x0000000087200000|  0%| F|  |TAMS 0x0000000087100000, 0x0000000087100000| Untracked 
|  78|0x0000000087200000, 0x0000000087200000, 0x0000000087300000|  0%| F|  |TAMS 0x0000000087200000, 0x0000000087200000| Untracked 
|  79|0x0000000087300000, 0x0000000087300000, 0x0000000087400000|  0%| F|  |TAMS 0x0000000087300000, 0x0000000087300000| Untracked 
|  80|0x0000000087400000, 0x0000000087400000, 0x0000000087500000|  0%| F|  |TAMS 0x0000000087400000, 0x0000000087400000| Untracked 
|  81|0x0000000087500000, 0x0000000087500000, 0x0000000087600000|  0%| F|  |TAMS 0x0000000087500000, 0x0000000087500000| Untracked 
|  82|0x0000000087600000, 0x0000000087600000, 0x0000000087700000|  0%| F|  |TAMS 0x0000000087600000, 0x0000000087600000| Untracked 
|  83|0x0000000087700000, 0x0000000087700000, 0x0000000087800000|  0%| F|  |TAMS 0x0000000087700000, 0x0000000087700000| Untracked 
|  84|0x0000000087800000, 0x0000000087800000, 0x0000000087900000|  0%| F|  |TAMS 0x0000000087800000, 0x0000000087800000| Untracked 
|  85|0x0000000087900000, 0x0000000087900000, 0x0000000087a00000|  0%| F|  |TAMS 0x0000000087900000, 0x0000000087900000| Untracked 
|  86|0x0000000087a00000, 0x0000000087a00000, 0x0000000087b00000|  0%| F|  |TAMS 0x0000000087a00000, 0x0000000087a00000| Untracked 
|  87|0x0000000087b00000, 0x0000000087b00000, 0x0000000087c00000|  0%| F|  |TAMS 0x0000000087b00000, 0x0000000087b00000| Untracked 
|  88|0x0000000087c00000, 0x0000000087c00000, 0x0000000087d00000|  0%| F|  |TAMS 0x0000000087c00000, 0x0000000087c00000| Untracked 
|  89|0x0000000087d00000, 0x0000000087d00000, 0x0000000087e00000|  0%| F|  |TAMS 0x0000000087d00000, 0x0000000087d00000| Untracked 
|  90|0x0000000087e00000, 0x0000000087e00000, 0x0000000087f00000|  0%| F|  |TAMS 0x0000000087e00000, 0x0000000087e00000| Untracked 
|  91|0x0000000087f00000, 0x0000000087f00000, 0x0000000088000000|  0%| F|  |TAMS 0x0000000087f00000, 0x0000000087f00000| Untracked 
|  92|0x0000000088000000, 0x0000000088000000, 0x0000000088100000|  0%| F|  |TAMS 0x0000000088000000, 0x0000000088000000| Untracked 
|  93|0x0000000088100000, 0x0000000088100000, 0x0000000088200000|  0%| F|  |TAMS 0x0000000088100000, 0x0000000088100000| Untracked 
|  94|0x0000000088200000, 0x0000000088200000, 0x0000000088300000|  0%| F|  |TAMS 0x0000000088200000, 0x0000000088200000| Untracked 
|  95|0x0000000088300000, 0x0000000088300000, 0x0000000088400000|  0%| F|  |TAMS 0x0000000088300000, 0x0000000088300000| Untracked 
|  96|0x0000000088400000, 0x0000000088400000, 0x0000000088500000|  0%| F|  |TAMS 0x0000000088400000, 0x0000000088400000| Untracked 
|  97|0x0000000088500000, 0x0000000088500000, 0x0000000088600000|  0%| F|  |TAMS 0x0000000088500000, 0x0000000088500000| Untracked 
|  98|0x0000000088600000, 0x0000000088600000, 0x0000000088700000|  0%| F|  |TAMS 0x0000000088600000, 0x0000000088600000| Untracked 
|  99|0x0000000088700000, 0x0000000088700000, 0x0000000088800000|  0%| F|  |TAMS 0x0000000088700000, 0x0000000088700000| Untracked 
| 100|0x0000000088800000, 0x0000000088800000, 0x0000000088900000|  0%| F|  |TAMS 0x0000000088800000, 0x0000000088800000| Untracked 
| 101|0x0000000088900000, 0x0000000088900000, 0x0000000088a00000|  0%| F|  |TAMS 0x0000000088900000, 0x0000000088900000| Untracked 
| 102|0x0000000088a00000, 0x0000000088a00000, 0x0000000088b00000|  0%| F|  |TAMS 0x0000000088a00000, 0x0000000088a00000| Untracked 
| 103|0x0000000088b00000, 0x0000000088b00000, 0x0000000088c00000|  0%| F|  |TAMS 0x0000000088b00000, 0x0000000088b00000| Untracked 
| 104|0x0000000088c00000, 0x0000000088c00000, 0x0000000088d00000|  0%| F|  |TAMS 0x0000000088c00000, 0x0000000088c00000| Untracked 
| 105|0x0000000088d00000, 0x0000000088d00000, 0x0000000088e00000|  0%| F|  |TAMS 0x0000000088d00000, 0x0000000088d00000| Untracked 
| 106|0x0000000088e00000, 0x0000000088e00000, 0x0000000088f00000|  0%| F|  |TAMS 0x0000000088e00000, 0x0000000088e00000| Untracked 
| 107|0x0000000088f00000, 0x0000000088f00000, 0x0000000089000000|  0%| F|  |TAMS 0x0000000088f00000, 0x0000000088f00000| Untracked 
| 108|0x0000000089000000, 0x0000000089000000, 0x0000000089100000|  0%| F|  |TAMS 0x0000000089000000, 0x0000000089000000| Untracked 
| 109|0x0000000089100000, 0x0000000089100000, 0x0000000089200000|  0%| F|  |TAMS 0x0000000089100000, 0x0000000089100000| Untracked 
| 110|0x0000000089200000, 0x0000000089200000, 0x0000000089300000|  0%| F|  |TAMS 0x0000000089200000, 0x0000000089200000| Untracked 
| 111|0x0000000089300000, 0x0000000089300000, 0x0000000089400000|  0%| F|  |TAMS 0x0000000089300000, 0x0000000089300000| Untracked 
| 112|0x0000000089400000, 0x0000000089400000, 0x0000000089500000|  0%| F|  |TAMS 0x0000000089400000, 0x0000000089400000| Untracked 
| 113|0x0000000089500000, 0x0000000089500000, 0x0000000089600000|  0%| F|  |TAMS 0x0000000089500000, 0x0000000089500000| Untracked 
| 114|0x0000000089600000, 0x0000000089600000, 0x0000000089700000|  0%| F|  |TAMS 0x0000000089600000, 0x0000000089600000| Untracked 
| 115|0x0000000089700000, 0x0000000089700000, 0x0000000089800000|  0%| F|  |TAMS 0x0000000089700000, 0x0000000089700000| Untracked 
| 116|0x0000000089800000, 0x0000000089800000, 0x0000000089900000|  0%| F|  |TAMS 0x0000000089800000, 0x0000000089800000| Untracked 
| 117|0x0000000089900000, 0x0000000089900000, 0x0000000089a00000|  0%| F|  |TAMS 0x0000000089900000, 0x0000000089900000| Untracked 
| 118|0x0000000089a00000, 0x0000000089a00000, 0x0000000089b00000|  0%| F|  |TAMS 0x0000000089a00000, 0x0000000089a00000| Untracked 
| 119|0x0000000089b00000, 0x0000000089b00000, 0x0000000089c00000|  0%| F|  |TAMS 0x0000000089b00000, 0x0000000089b00000| Untracked 
| 120|0x0000000089c00000, 0x0000000089c00000, 0x0000000089d00000|  0%| F|  |TAMS 0x0000000089c00000, 0x0000000089c00000| Untracked 
| 121|0x0000000089d00000, 0x0000000089d00000, 0x0000000089e00000|  0%| F|  |TAMS 0x0000000089d00000, 0x0000000089d00000| Untracked 
| 122|0x0000000089e00000, 0x0000000089e00000, 0x0000000089f00000|  0%| F|  |TAMS 0x0000000089e00000, 0x0000000089e00000| Untracked 
| 123|0x0000000089f00000, 0x0000000089f00000, 0x000000008a000000|  0%| F|  |TAMS 0x0000000089f00000, 0x0000000089f00000| Untracked 
| 124|0x000000008a000000, 0x000000008a000000, 0x000000008a100000|  0%| F|  |TAMS 0x000000008a000000, 0x000000008a000000| Untracked 
| 125|0x000000008a100000, 0x000000008a100000, 0x000000008a200000|  0%| F|  |TAMS 0x000000008a100000, 0x000000008a100000| Untracked 

Card table byte_map: [0x000001b1b98e0000,0x000001b1b9cd0000] _byte_map_base: 0x000001b1b94ce000

Marking Bits (Prev, Next): (CMBitMap*) 0x000001b1a5fb9728, (CMBitMap*) 0x000001b1a5fb9760
 Prev Bits: [0x000001b1ba0c0000, 0x000001b1bc030000)
 Next Bits: [0x000001b1bc030000, 0x000001b1bdfa0000)

Polling page: 0x000001b1a46f0000

Metaspace:

Usage:
  Non-class:     39.27 MB capacity,    38.93 MB (>99%) used,   289.80 KB ( <1%) free+waste,    64.50 KB ( <1%) overhead. 
      Class:      5.38 MB capacity,     5.20 MB ( 97%) used,   158.44 KB (  3%) free+waste,    27.25 KB ( <1%) overhead. 
       Both:     44.65 MB capacity,    44.13 MB ( 99%) used,   448.23 KB ( <1%) free+waste,    91.75 KB ( <1%) overhead. 

Virtual space:
  Non-class space:       40.00 MB reserved,      39.50 MB ( 99%) committed 
      Class space:        1.00 GB reserved,       5.50 MB ( <1%) committed 
             Both:        1.04 GB reserved,      45.00 MB (  4%) committed 

Chunk freelists:
   Non-Class:  42.00 KB
       Class:  24.00 KB
        Both:  66.00 KB

MaxMetaspaceSize: 17179869184.00 GB
CompressedClassSpaceSize: 1.00 GB

CodeHeap 'non-profiled nmethods': size=120000Kb used=1390Kb max_used=1390Kb free=118609Kb
 bounds [0x000001b1b1540000, 0x000001b1b17b0000, 0x000001b1b8a70000]
CodeHeap 'profiled nmethods': size=120000Kb used=7598Kb max_used=7598Kb free=112401Kb
 bounds [0x000001b1aa010000, 0x000001b1aa780000, 0x000001b1b1540000]
CodeHeap 'non-nmethods': size=5760Kb used=1183Kb max_used=1226Kb free=4576Kb
 bounds [0x000001b1a9a70000, 0x000001b1a9ce0000, 0x000001b1aa010000]
 total_blobs=4036 nmethods=3503 adapters=443
 compilation: enabled
              stopped_count=0, restarted_count=0
 full_count=0

Compilation events (20 events):
Event: 4.609 Thread 0x000001b1c0a11800 3521       3       org.jetbrains.kotlin.metadata.ProtoBuf$Annotation$Builder::buildPartial (86 bytes)
Event: 4.610 Thread 0x000001b1c0a11800 nmethod 3521 0x000001b1aa776690 code [0x000001b1aa776920, 0x000001b1aa777818]
Event: 4.610 Thread 0x000001b1c0a11800 3522       3       org.jetbrains.kotlin.metadata.ProtoBuf$Annotation$Builder::<init> (16 bytes)
Event: 4.611 Thread 0x000001b1c0a11800 nmethod 3522 0x000001b1aa777c90 code [0x000001b1aa777e80, 0x000001b1aa778238]
Event: 4.611 Thread 0x000001b1c0a11800 3523       3       org.jetbrains.kotlin.metadata.ProtoBuf$Annotation$Builder::maybeForceBuilderInitialization (1 bytes)
Event: 4.611 Thread 0x000001b1c0a11800 nmethod 3523 0x000001b1aa778390 code [0x000001b1aa778540, 0x000001b1aa778638]
Event: 4.611 Thread 0x000001b1c0a11800 3524       3       org.jetbrains.kotlin.metadata.ProtoBuf$Annotation::newBuilderForType (5 bytes)
Event: 4.611 Thread 0x000001b1c0a11800 nmethod 3524 0x000001b1aa778710 code [0x000001b1aa778920, 0x000001b1aa778ef8]
Event: 4.611 Thread 0x000001b1c0a11800 3525       3       org.jetbrains.kotlin.metadata.ProtoBuf$Annotation::newBuilderForType (4 bytes)
Event: 4.611 Thread 0x000001b1c0a11800 nmethod 3525 0x000001b1aa779110 code [0x000001b1aa779320, 0x000001b1aa779898]
Event: 4.611 Thread 0x000001b1c0a11800 3526       3       org.jetbrains.kotlin.metadata.ProtoBuf$Annotation$Builder::mergeFrom (7 bytes)
Event: 4.611 Thread 0x000001b1c0a11800 nmethod 3526 0x000001b1aa779a90 code [0x000001b1aa779c40, 0x000001b1aa779d68]
Event: 4.611 Thread 0x000001b1c0a11800 3527   !   3       org.jetbrains.kotlin.metadata.ProtoBuf$Annotation$Builder::mergeFrom (60 bytes)
Event: 4.612 Thread 0x000001b1c0a11800 nmethod 3527 0x000001b1aa779e10 code [0x000001b1aa77a020, 0x000001b1aa77a618]
Event: 4.612 Thread 0x000001b1c0a11800 3528       3       org.jetbrains.kotlin.metadata.ProtoBuf$Annotation$Builder::setId (17 bytes)
Event: 4.612 Thread 0x000001b1c0a11800 nmethod 3528 0x000001b1aa77a890 code [0x000001b1aa77aa40, 0x000001b1aa77ab58]
Event: 4.612 Thread 0x000001b1c0a11800 3529       3       org.jetbrains.kotlin.metadata.ProtoBuf$Annotation$Builder::build (5 bytes)
Event: 4.612 Thread 0x000001b1c0a11800 nmethod 3529 0x000001b1aa77ac10 code [0x000001b1aa77ae00, 0x000001b1aa77b128]
Event: 4.612 Thread 0x000001b1c0a11800 3530       3       org.jetbrains.kotlin.metadata.ProtoBuf$Annotation$Builder::build (19 bytes)
Event: 4.612 Thread 0x000001b1c0a11800 nmethod 3530 0x000001b1aa77b310 code [0x000001b1aa77b500, 0x000001b1aa77b7e8]

GC Heap History (9 events):
Event: 0.745 GC heap before
{Heap before GC invocations=0 (full 0):
 garbage-first heap   total 129024K, used 27648K [0x0000000082400000, 0x0000000100000000)
  region size 1024K, 24 young (24576K), 0 survivors (0K)
 Metaspace       used 12310K, capacity 12405K, committed 12544K, reserved 1060864K
  class space    used 1154K, capacity 1174K, committed 1280K, reserved 1048576K
}
Event: 0.750 GC heap after
{Heap after GC invocations=1 (full 0):
 garbage-first heap   total 129024K, used 5695K [0x0000000082400000, 0x0000000100000000)
  region size 1024K, 3 young (3072K), 3 survivors (3072K)
 Metaspace       used 12310K, capacity 12405K, committed 12544K, reserved 1060864K
  class space    used 1154K, capacity 1174K, committed 1280K, reserved 1048576K
}
Event: 1.558 GC heap before
{Heap before GC invocations=1 (full 0):
 garbage-first heap   total 129024K, used 41535K [0x0000000082400000, 0x0000000100000000)
  region size 1024K, 39 young (39936K), 3 survivors (3072K)
 Metaspace       used 20906K, capacity 21102K, committed 21248K, reserved 1069056K
  class space    used 2219K, capacity 2286K, committed 2304K, reserved 1048576K
}
Event: 1.575 GC heap after
{Heap after GC invocations=2 (full 0):
 garbage-first heap   total 129024K, used 9540K [0x0000000082400000, 0x0000000100000000)
  region size 1024K, 7 young (7168K), 7 survivors (7168K)
 Metaspace       used 20906K, capacity 21102K, committed 21248K, reserved 1069056K
  class space    used 2219K, capacity 2286K, committed 2304K, reserved 1048576K
}
Event: 2.791 GC heap before
{Heap before GC invocations=3 (full 0):
 garbage-first heap   total 129024K, used 69956K [0x0000000082400000, 0x0000000100000000)
  region size 1024K, 54 young (55296K), 7 survivors (7168K)
 Metaspace       used 30624K, capacity 31083K, committed 31232K, reserved 1077248K
  class space    used 3634K, capacity 3793K, committed 3840K, reserved 1048576K
}
Event: 2.812 GC heap after
{Heap after GC invocations=4 (full 0):
 garbage-first heap   total 129024K, used 24188K [0x0000000082400000, 0x0000000100000000)
  region size 1024K, 7 young (7168K), 7 survivors (7168K)
 Metaspace       used 30624K, capacity 31083K, committed 31232K, reserved 1077248K
  class space    used 3634K, capacity 3793K, committed 3840K, reserved 1048576K
}
Event: 3.228 GC heap before
{Heap before GC invocations=4 (full 0):
 garbage-first heap   total 129024K, used 45692K [0x0000000082400000, 0x0000000100000000)
  region size 1024K, 29 young (29696K), 7 survivors (7168K)
 Metaspace       used 35123K, capacity 35530K, committed 35584K, reserved 1081344K
  class space    used 4127K, capacity 4315K, committed 4352K, reserved 1048576K
}
Event: 3.239 GC heap after
{Heap after GC invocations=5 (full 0):
 garbage-first heap   total 129024K, used 24241K [0x0000000082400000, 0x0000000100000000)
  region size 1024K, 3 young (3072K), 3 survivors (3072K)
 Metaspace       used 35123K, capacity 35530K, committed 35584K, reserved 1081344K
  class space    used 4127K, capacity 4315K, committed 4352K, reserved 1048576K
}
Event: 4.613 GC heap before
{Heap before GC invocations=6 (full 0):
 garbage-first heap   total 129024K, used 89777K [0x0000000082400000, 0x0000000100000000)
  region size 1024K, 64 young (65536K), 3 survivors (3072K)
 Metaspace       used 45186K, capacity 45726K, committed 46080K, reserved 1089536K
  class space    used 5326K, capacity 5512K, committed 5632K, reserved 1048576K
}

Deoptimization events (20 events):
Event: 4.287 Thread 0x000001b1a5f7b000 Uncommon trap: trap_request=0xffffffc6 fr.pc=0x000001b1b16299bc relative=0x00000000000005bc
Event: 4.287 Thread 0x000001b1a5f7b000 Uncommon trap: reason=bimorphic_or_optimized_type_check action=maybe_recompile pc=0x000001b1b16299bc method=org.jetbrains.kotlin.protobuf.CodedInputStream.tryRefillBuffer(I)Z @ 177 c2
Event: 4.287 Thread 0x000001b1a5f7b000 DEOPT PACKING pc=0x000001b1b16299bc sp=0x000000788acf6a70
Event: 4.287 Thread 0x000001b1a5f7b000 DEOPT UNPACKING pc=0x000001b1a9a978af sp=0x000000788acf6950 mode 2
Event: 4.296 Thread 0x000001b1a5f7b000 Uncommon trap: trap_request=0xffffffc6 fr.pc=0x000001b1b16299bc relative=0x00000000000005bc
Event: 4.296 Thread 0x000001b1a5f7b000 Uncommon trap: reason=bimorphic_or_optimized_type_check action=maybe_recompile pc=0x000001b1b16299bc method=org.jetbrains.kotlin.protobuf.CodedInputStream.tryRefillBuffer(I)Z @ 177 c2
Event: 4.296 Thread 0x000001b1a5f7b000 DEOPT PACKING pc=0x000001b1b16299bc sp=0x000000788acf7260
Event: 4.296 Thread 0x000001b1a5f7b000 DEOPT UNPACKING pc=0x000001b1a9a978af sp=0x000000788acf7148 mode 2
Event: 4.305 Thread 0x000001b1a5f7b000 Uncommon trap: trap_request=0xffffff4d fr.pc=0x000001b1b1680510 relative=0x0000000000000530
Event: 4.305 Thread 0x000001b1a5f7b000 Uncommon trap: reason=unstable_if action=reinterpret pc=0x000001b1b1680510 method=org.jetbrains.org.objectweb.asm.ClassReader.readUtf(II[C)Ljava/lang/String; @ 41 c2
Event: 4.305 Thread 0x000001b1a5f7b000 DEOPT PACKING pc=0x000001b1b1680510 sp=0x000000788acf6ec0
Event: 4.305 Thread 0x000001b1a5f7b000 DEOPT UNPACKING pc=0x000001b1a9a978af sp=0x000000788acf6e68 mode 2
Event: 4.336 Thread 0x000001b1a5f7b000 DEOPT PACKING pc=0x000001b1aa3de0f4 sp=0x000000788acf6db0
Event: 4.336 Thread 0x000001b1a5f7b000 DEOPT UNPACKING pc=0x000001b1a9a976ce sp=0x000000788acf6350 mode 0
Event: 4.344 Thread 0x000001b1a5f7b000 Uncommon trap: trap_request=0xffffffc6 fr.pc=0x000001b1b16299bc relative=0x00000000000005bc
Event: 4.344 Thread 0x000001b1a5f7b000 Uncommon trap: reason=bimorphic_or_optimized_type_check action=maybe_recompile pc=0x000001b1b16299bc method=org.jetbrains.kotlin.protobuf.CodedInputStream.tryRefillBuffer(I)Z @ 177 c2
Event: 4.344 Thread 0x000001b1a5f7b000 DEOPT PACKING pc=0x000001b1b16299bc sp=0x000000788acf7740
Event: 4.344 Thread 0x000001b1a5f7b000 DEOPT UNPACKING pc=0x000001b1a9a978af sp=0x000000788acf7628 mode 2
Event: 4.437 Thread 0x000001b1a5f7b000 DEOPT PACKING pc=0x000001b1aa617d7f sp=0x000000788acf9220
Event: 4.437 Thread 0x000001b1a5f7b000 DEOPT UNPACKING pc=0x000001b1a9a976ce sp=0x000000788acf8670 mode 0

Classes redefined (0 events):
No events

Internal exceptions (20 events):
Event: 1.476 Thread 0x000001b1a5f7b000 Exception <a 'java/lang/NoSuchMethodError'{0x00000000880df3d8}: 'long java.lang.invoke.DirectMethodHandle$Holder.invokeStaticInit(java.lang.Object)'> (0x00000000880df3d8) thrown at [./src/hotspot/share/interpreter/linkResolver.cpp, line 773]
Event: 1.535 Thread 0x000001b1a5f7b000 Exception <a 'java/lang/NoSuchMethodError'{0x0000000087c4a3e8}: 'int java.lang.invoke.DirectMethodHandle$Holder.invokeStaticInit(java.lang.Object, java.lang.Object, java.lang.Object)'> (0x0000000087c4a3e8) thrown at [./src/hotspot/share/interpreter/linkResolver.cpp, line 773]
Event: 1.540 Thread 0x000001b1a5f7b000 Exception <a 'java/lang/NoSuchMethodError'{0x0000000087c75c28}: 'int java.lang.invoke.DirectMethodHandle$Holder.invokeStaticInit(java.lang.Object, java.lang.Object)'> (0x0000000087c75c28) thrown at [./src/hotspot/share/interpreter/linkResolver.cpp, line 773]
Event: 1.815 Thread 0x000001b1a5f7b000 Exception <a 'java/lang/NoSuchMethodError'{0x00000000898300d0}: 'java.lang.Object java.lang.invoke.DirectMethodHandle$Holder.invokeStatic(java.lang.Object, java.lang.Object, java.lang.Object, java.lang.Object, java.lang.Object, java.lang.Object, java.lang.Object, java.lang.Object, java.lang.Object, java.lang.Object, java.lang.Object, java.lang.Object, java.lang.Object, java.lang.Object, java.lang.Object)'> (0x00000000898300d0) thrown at [./src/hotspot/share/interpreter/linkResolver.cpp, line 773]
Event: 1.817 Thread 0x000001b1a5f7b000 Exception <a 'java/lang/NoSuchMethodError'{0x000000008983e470}: 'java.lang.Object java.lang.invoke.DirectMethodHandle$Holder.invokeStatic(java.lang.Object, java.lang.Object, java.lang.Object, java.lang.Object, java.lang.Object, java.lang.Object, java.lang.Object, java.lang.Object, java.lang.Object, java.lang.Object, java.lang.Object, java.lang.Object, java.lang.Object, java.lang.Object, java.lang.Object, java.lang.Object)'> (0x000000008983e470) thrown at [./src/hotspot/share/interpreter/linkResolver.cpp, l
Event: 1.819 Thread 0x000001b1a5f7b000 Exception <a 'java/lang/NoSuchMethodError'{0x000000008984c388}: 'java.lang.Object java.lang.invoke.DirectMethodHandle$Holder.invokeSpecial(java.lang.Object, java.lang.Object, int, int, java.lang.Object, java.lang.Object, java.lang.Object)'> (0x000000008984c388) thrown at [./src/hotspot/share/interpreter/linkResolver.cpp, line 773]
Event: 1.819 Thread 0x000001b1a5f7b000 Exception <a 'java/lang/NoSuchMethodError'{0x000000008984fbc0}: 'java.lang.Object java.lang.invoke.DelegatingMethodHandle$Holder.reinvoke_L(java.lang.Object, int, int, java.lang.Object, java.lang.Object, java.lang.Object)'> (0x000000008984fbc0) thrown at [./src/hotspot/share/interpreter/linkResolver.cpp, line 773]
Event: 1.820 Thread 0x000001b1a5f7b000 Exception <a 'java/lang/NoSuchMethodError'{0x0000000089853f48}: 'java.lang.Object java.lang.invoke.DirectMethodHandle$Holder.invokeStatic(java.lang.Object, java.lang.Object, java.lang.Object, java.lang.Object, int)'> (0x0000000089853f48) thrown at [./src/hotspot/share/interpreter/linkResolver.cpp, line 773]
Event: 1.871 Thread 0x000001b1a5f7b000 Implicit null exception at 0x000001b1b15c92ac to 0x000001b1b15c945a
Event: 1.908 Thread 0x000001b1a5f7b000 Exception <a 'java/lang/NoSuchMethodError'{0x00000000893d1618}: 'void java.lang.invoke.DirectMethodHandle$Holder.invokeStatic(java.lang.Object, java.lang.Object, java.lang.Object, java.lang.Object)'> (0x00000000893d1618) thrown at [./src/hotspot/share/interpreter/linkResolver.cpp, line 773]
Event: 1.936 Thread 0x000001b1a5f7b000 Exception <a 'java/lang/NoSuchMethodError'{0x00000000891213d0}: 'void java.lang.invoke.DirectMethodHandle$Holder.invokeSpecial(java.lang.Object, java.lang.Object)'> (0x00000000891213d0) thrown at [./src/hotspot/share/interpreter/linkResolver.cpp, line 773]
Event: 1.991 Thread 0x000001b1a5f7b000 Exception <a 'java/lang/NoSuchMethodError'{0x0000000088fc40c8}: 'void java.lang.invoke.DirectMethodHandle$Holder.invokeStaticInit(java.lang.Object, java.lang.Object)'> (0x0000000088fc40c8) thrown at [./src/hotspot/share/interpreter/linkResolver.cpp, line 773]
Event: 2.000 Thread 0x000001b1a5f7b000 Exception <a 'java/lang/NoSuchMethodError'{0x0000000088e02b10}: 'void java.lang.invoke.DirectMethodHandle$Holder.invokeInterface(java.lang.Object, java.lang.Object)'> (0x0000000088e02b10) thrown at [./src/hotspot/share/interpreter/linkResolver.cpp, line 773]
Event: 2.110 Thread 0x000001b1a5f7b000 Exception <a 'java/lang/NoSuchMethodError'{0x0000000088a1e818}: 'void java.lang.invoke.DirectMethodHandle$Holder.invokeVirtual(java.lang.Object, java.lang.Object)'> (0x0000000088a1e818) thrown at [./src/hotspot/share/interpreter/linkResolver.cpp, line 773]
Event: 2.123 Thread 0x000001b1a5f7b000 Exception <a 'java/lang/NoSuchMethodError'{0x0000000088a95238}: 'int java.lang.invoke.DirectMethodHandle$Holder.invokeVirtual(java.lang.Object, java.lang.Object)'> (0x0000000088a95238) thrown at [./src/hotspot/share/interpreter/linkResolver.cpp, line 773]
Event: 3.019 Thread 0x000001b1a5f7b000 Exception <a 'java/lang/NoSuchMethodError'{0x0000000089713590}: 'java.lang.Object java.lang.invoke.DirectMethodHandle$Holder.invokeVirtual(java.lang.Object, java.lang.Object, java.lang.Object)'> (0x0000000089713590) thrown at [./src/hotspot/share/interpreter/linkResolver.cpp, line 773]
Event: 3.757 Thread 0x000001b1a5f7b000 Exception <a 'java/lang/NoSuchMethodError'{0x000000008834bb38}: 'java.lang.Object java.lang.invoke.Invokers$Holder.linkToTargetMethod(java.lang.Object, int, java.lang.Object)'> (0x000000008834bb38) thrown at [./src/hotspot/share/interpreter/linkResolver.cpp, line 773]
Event: 3.855 Thread 0x000001b1a5f7b000 Exception <a 'java/lang/NoSuchMethodError'{0x000000008804ddb0}: 'java.lang.Object java.lang.invoke.DirectMethodHandle$Holder.invokeStatic(java.lang.Object, java.lang.Object, java.lang.Object, int)'> (0x000000008804ddb0) thrown at [./src/hotspot/share/interpreter/linkResolver.cpp, line 773]
Event: 3.856 Thread 0x000001b1a5f7b000 Exception <a 'java/lang/NoSuchMethodError'{0x0000000088051a20}: 'java.lang.Object java.lang.invoke.DirectMethodHandle$Holder.invokeSpecial(java.lang.Object, java.lang.Object, java.lang.Object, java.lang.Object, int)'> (0x0000000088051a20) thrown at [./src/hotspot/share/interpreter/linkResolver.cpp, line 773]
Event: 3.856 Thread 0x000001b1a5f7b000 Exception <a 'java/lang/NoSuchMethodError'{0x0000000088054d30}: 'java.lang.Object java.lang.invoke.Invokers$Holder.linkToTargetMethod(java.lang.Object, java.lang.Object, int, java.lang.Object)'> (0x0000000088054d30) thrown at [./src/hotspot/share/interpreter/linkResolver.cpp, line 773]

Events (20 events):
Event: 4.358 loading class org/jetbrains/kotlin/metadata/deserialization/ProtoBufUtilKt done
Event: 4.358 loading class org/jetbrains/kotlin/metadata/jvm/deserialization/JvmNameResolver$WhenMappings
Event: 4.358 loading class org/jetbrains/kotlin/metadata/jvm/deserialization/JvmNameResolver$WhenMappings done
Event: 4.359 loading class org/jetbrains/kotlin/load/kotlin/DeserializedDescriptorResolver$createKotlinPackagePartScope$2
Event: 4.359 loading class org/jetbrains/kotlin/load/kotlin/DeserializedDescriptorResolver$createKotlinPackagePartScope$2 done
Event: 4.360 loading class org/jetbrains/kotlin/metadata/jvm/JvmProtoBuf$JvmPropertySignature$Builder
Event: 4.360 loading class org/jetbrains/kotlin/metadata/jvm/JvmProtoBuf$JvmPropertySignature$Builder done
Event: 4.369 loading class org/jetbrains/kotlin/metadata/ProtoBuf$TypeAlias
Event: 4.369 loading class org/jetbrains/kotlin/metadata/ProtoBuf$TypeAlias done
Event: 4.370 loading class org/jetbrains/kotlin/metadata/ProtoBuf$TypeAliasOrBuilder
Event: 4.370 loading class org/jetbrains/kotlin/metadata/ProtoBuf$TypeAliasOrBuilder done
Event: 4.371 loading class org/jetbrains/kotlin/metadata/ProtoBuf$TypeAlias$1
Event: 4.371 loading class org/jetbrains/kotlin/metadata/ProtoBuf$TypeAlias$1 done
Event: 4.385 loading class org/jetbrains/kotlin/metadata/deserialization/ProtoTypeTableUtilKt
Event: 4.385 loading class org/jetbrains/kotlin/metadata/deserialization/ProtoTypeTableUtilKt done
Event: 4.386 loading class org/jetbrains/kotlin/builtins/jvm/JvmBuiltInsSignatures
Event: 4.386 loading class org/jetbrains/kotlin/builtins/jvm/JvmBuiltInsSignatures done
Event: 4.386 loading class org/jetbrains/kotlin/load/kotlin/SignatureBuildingComponents
Event: 4.386 loading class org/jetbrains/kotlin/load/kotlin/SignatureBuildingComponents done
Event: 4.613 Executing VM operation: G1CollectForAllocation


Dynamic libraries:
0x00007ff721000000 - 0x00007ff72100a000 	C:\Program Files\Android\Android Studio\jre\bin\java.exe
0x00007ffbec2b0000 - 0x00007ffbec4a5000 	C:\WINDOWS\SYSTEM32\ntdll.dll
0x00007ffbebdc0000 - 0x00007ffbebe7d000 	C:\WINDOWS\System32\KERNEL32.DLL
0x00007ffbe9cd0000 - 0x00007ffbe9f99000 	C:\WINDOWS\System32\KERNELBASE.dll
0x00007ffbea0b0000 - 0x00007ffbea1b0000 	C:\WINDOWS\System32\ucrtbase.dll
0x00007ffbe4700000 - 0x00007ffbe4717000 	C:\Program Files\Android\Android Studio\jre\bin\VCRUNTIME140.dll
0x00007ffbe51c0000 - 0x00007ffbe51d9000 	C:\Program Files\Android\Android Studio\jre\bin\jli.dll
0x00007ffbea4f0000 - 0x00007ffbea690000 	C:\WINDOWS\System32\USER32.dll
0x00007ffbea2f0000 - 0x00007ffbea312000 	C:\WINDOWS\System32\win32u.dll
0x00007ffbebc50000 - 0x00007ffbebc7a000 	C:\WINDOWS\System32\GDI32.dll
0x00007ffbd1250000 - 0x00007ffbd14ea000 	C:\WINDOWS\WinSxS\amd64_microsoft.windows.common-controls_6595b64144ccf1df_6.0.19041.1110_none_60b5254171f9507e\COMCTL32.dll
0x00007ffbeaf00000 - 0x00007ffbeaf9e000 	C:\WINDOWS\System32\msvcrt.dll
0x00007ffbe9fa0000 - 0x00007ffbea0ab000 	C:\WINDOWS\System32\gdi32full.dll
0x00007ffbe9ad0000 - 0x00007ffbe9b6d000 	C:\WINDOWS\System32\msvcp_win.dll
0x00007ffbec240000 - 0x00007ffbec270000 	C:\WINDOWS\System32\IMM32.DLL
0x00007ffbe23b0000 - 0x00007ffbe244d000 	C:\Program Files\Android\Android Studio\jre\bin\msvcp140.dll
0x00007ffba2330000 - 0x00007ffba2dff000 	C:\Program Files\Android\Android Studio\jre\bin\server\jvm.dll
0x00007ffbeb1a0000 - 0x00007ffbeb24c000 	C:\WINDOWS\System32\ADVAPI32.dll
0x00007ffbea3f0000 - 0x00007ffbea48b000 	C:\WINDOWS\System32\sechost.dll
0x00007ffbebc90000 - 0x00007ffbebdba000 	C:\WINDOWS\System32\RPCRT4.dll
0x00007ffbebc80000 - 0x00007ffbebc88000 	C:\WINDOWS\System32\PSAPI.DLL
0x00007ffbe7a70000 - 0x00007ffbe7a79000 	C:\WINDOWS\SYSTEM32\WSOCK32.dll
0x00007ffbdf360000 - 0x00007ffbdf387000 	C:\WINDOWS\SYSTEM32\WINMM.dll
0x00007ffbe4a20000 - 0x00007ffbe4a2a000 	C:\WINDOWS\SYSTEM32\VERSION.dll
0x00007ffbeba40000 - 0x00007ffbebaab000 	C:\WINDOWS\System32\WS2_32.dll
0x00007ffbe8450000 - 0x00007ffbe8462000 	C:\WINDOWS\SYSTEM32\kernel.appcore.dll
0x00007ffbe5250000 - 0x00007ffbe5261000 	C:\Program Files\Android\Android Studio\jre\bin\verify.dll
0x00007ffbe7830000 - 0x00007ffbe7a14000 	C:\WINDOWS\SYSTEM32\DBGHELP.DLL
0x00007ffbe2000000 - 0x00007ffbe202c000 	C:\WINDOWS\SYSTEM32\dbgcore.DLL
0x00007ffbe99f0000 - 0x00007ffbe9a73000 	C:\WINDOWS\System32\bcryptPrimitives.dll
0x00007ffbe42a0000 - 0x00007ffbe42c9000 	C:\Program Files\Android\Android Studio\jre\bin\java.dll
0x00007ffbe7a20000 - 0x00007ffbe7a2b000 	C:\Program Files\Android\Android Studio\jre\bin\jimage.dll
0x00007ffbe5210000 - 0x00007ffbe5228000 	C:\Program Files\Android\Android Studio\jre\bin\zip.dll
0x00007ffbeb300000 - 0x00007ffbeba3f000 	C:\WINDOWS\System32\SHELL32.dll
0x00007ffbe7b00000 - 0x00007ffbe8291000 	C:\WINDOWS\SYSTEM32\windows.storage.dll
0x00007ffbebee0000 - 0x00007ffbec235000 	C:\WINDOWS\System32\combase.dll
0x00007ffbe9460000 - 0x00007ffbe948c000 	C:\WINDOWS\SYSTEM32\Wldp.dll
0x00007ffbeae50000 - 0x00007ffbeaefe000 	C:\WINDOWS\System32\SHCORE.dll
0x00007ffbebe80000 - 0x00007ffbebed5000 	C:\WINDOWS\System32\shlwapi.dll
0x00007ffbe9930000 - 0x00007ffbe994f000 	C:\WINDOWS\SYSTEM32\profapi.dll
0x00007ffbe5190000 - 0x00007ffbe51aa000 	C:\Program Files\Android\Android Studio\jre\bin\net.dll
0x00007ffbdfca0000 - 0x00007ffbdfdaa000 	C:\WINDOWS\SYSTEM32\WINHTTP.dll
0x00007ffbe91c0000 - 0x00007ffbe922a000 	C:\WINDOWS\system32\mswsock.dll
0x00007ffbe4720000 - 0x00007ffbe4734000 	C:\Program Files\Android\Android Studio\jre\bin\nio.dll

dbghelp: loaded successfully - version: 4.0.5 - missing functions: none
symbol engine: initialized successfully - sym options: 0x614 - pdb path: .;C:\Program Files\Android\Android Studio\jre\bin;C:\WINDOWS\SYSTEM32;C:\WINDOWS\WinSxS\amd64_microsoft.windows.common-controls_6595b64144ccf1df_6.0.19041.1110_none_60b5254171f9507e;C:\Program Files\Android\Android Studio\jre\bin\server

VM Arguments:
java_command: org.jetbrains.kotlin.cli.jvm.K2JVMCompiler @C:\Users\Saurabh\AndroidStudioProjects\CrickStars\app\build\20210915_15884614000943723701.compiler.options
java_class_path (initial): C:\Users\Saurabh\.gradle\caches\modules-2\files-2.1\org.jetbrains.kotlin\kotlin-compiler-embeddable\1.5.21\40ddbcae9ff100473f95370c2d589ba3fc48eed5\kotlin-compiler-embeddable-1.5.21.jar;C:\Users\Saurabh\.gradle\caches\modules-2\files-2.1\org.jetbrains.kotlin\kotlin-reflect\1.5.21\802f1f39735ae1eb2b75714a40fa19bb2e687e96\kotlin-reflect-1.5.21.jar;C:\Users\Saurabh\.gradle\caches\modules-2\files-2.1\org.jetbrains.kotlin\kotlin-stdlib\1.5.21\2f537cad7e9eeb9da73738c8812e1e4cf9b62e4e\kotlin-stdlib-1.5.21.jar;C:\Users\Saurabh\.gradle\caches\modules-2\files-2.1\org.jetbrains.kotlin\kotlin-script-runtime\1.5.21\96d49e89873fde985750af354b6eabb60cfa999b\kotlin-script-runtime-1.5.21.jar;C:\Users\Saurabh\.gradle\caches\modules-2\files-2.1\org.jetbrains.kotlin\kotlin-daemon-embeddable\1.5.21\17255809e66a940dfdf6289bccbdfb5a09f3145\kotlin-daemon-embeddable-1.5.21.jar;C:\Users\Saurabh\.gradle\caches\modules-2\files-2.1\org.jetbrains.intellij.deps\trove4j\1.0.20181211\216c2e14b070f334479d800987affe4054cd563f\trove4j-1.0.20181211.jar;C:\Users\Saurabh\.gradle\caches\modules-2\files-2.1\org.jetbrains\annotations\13.0\919f0dfe192fb4e063e7dacadee7f8bb9a2672a9\annotations-13.0.jar;C:\Users\Saurabh\.gradle\caches\modules-2\files-2.1\org.jetbrains.kotlin\kotlin-stdlib-common\1.5.21\cc8bf3586fd2ebcf234058b9440bb406e62dfacb\kotlin-stdlib-common-1.5.21.jar
Launcher Type: SUN_STANDARD

[Global flags]
     intx CICompilerCount                          = 4                                         {product} {ergonomic}
     uint ConcGCThreads                            = 2                                         {product} {ergonomic}
     uint G1ConcRefinementThreads                  = 8                                         {product} {ergonomic}
   size_t G1HeapRegionSize                         = 1048576                                   {product} {ergonomic}
    uintx GCDrainStackTargetSize                   = 64                                        {product} {ergonomic}
   size_t InitialHeapSize                          = 132120576                                 {product} {ergonomic}
   size_t MarkStackSize                            = 4194304                                   {product} {ergonomic}
   size_t MaxHeapSize                              = 2109734912                                {product} {ergonomic}
   size_t MaxNewSize                               = 1265631232                                {product} {ergonomic}
   size_t MinHeapDeltaBytes                        = 1048576                                   {product} {ergonomic}
    uintx NonNMethodCodeHeapSize                   = 5836300                                {pd product} {ergonomic}
    uintx NonProfiledCodeHeapSize                  = 122910970                              {pd product} {ergonomic}
    uintx ProfiledCodeHeapSize                     = 122910970                              {pd product} {ergonomic}
    uintx ReservedCodeCacheSize                    = 251658240                              {pd product} {ergonomic}
     bool SegmentedCodeCache                       = true                                      {product} {ergonomic}
     bool UseCompressedClassPointers               = true                                 {lp64_product} {ergonomic}
     bool UseCompressedOops                        = true                                 {lp64_product} {ergonomic}
     bool UseG1GC                                  = true                                      {product} {ergonomic}
     bool UseLargePagesIndividualAllocation        = false                                  {pd product} {ergonomic}

Logging:
Log output configuration:
 #0: stdout all=warning uptime,level,tags
 #1: stderr all=off uptime,level,tags

Environment Variables:
JAVA_HOME=C:\Program Files\Java\jdk-15.0.1
PATH=C:\Program Files\Common Files\Oracle\Java\javapath;C:\Program Files (x86)\Intel\Intel(R) Management Engine Components\iCLS\;C:\Program Files\Intel\Intel(R) Management Engine Components\iCLS\;C:\Windows\system32;C:\Windows;C:\Windows\System32\Wbem;C:\Windows\System32\WindowsPowerShell\v1.0\;C:\Windows\System32\OpenSSH\;C:\Program Files (x86)\Intel\Intel(R) Management Engine Components\DAL;C:\Program Files\Intel\Intel(R) Management Engine Components\DAL;C:\Program Files (x86)\Intel\Intel(R) Management Engine Components\IPT;C:\Program Files\Intel\Intel(R) Management Engine Components\IPT;C:\Program Files (x86)\NVIDIA Corporation\PhysX\Common;C:\Program Files\Intel\WiFi\bin\;C:\Program Files\Common Files\Intel\WirelessCommon\;C:\WINDOWS\system32;C:\WINDOWS;C:\WINDOWS\System32\Wbem;C:\WINDOWS\System32\WindowsPowerShell\v1.0\;C:\WINDOWS\System32\OpenSSH\;C:\Program Files\Java\jdk-15.0.1\bin;C:\Program Files\Git\cmd;C:\Users\Saurabh\AppData\Local\Microsoft\WindowsApps;C:\flutter\bin;;C:\Users\Saurabh\AppData\Local\Programs\Microsoft VS Code\bin;C:\Program Files\JetBrains\PyCharm Community Edition 2020.3.2\bin;
USERNAME=Saurabh
OS=Windows_NT
PROCESSOR_IDENTIFIER=Intel64 Family 6 Model 158 Stepping 10, GenuineIntel



---------------  S Y S T E M  ---------------

OS: Windows 10 , 64 bit Build 19041 (10.0.19041.1023)
OS uptime: 59 days 19:10 hours

CPU:total 8 (initial active 8) (4 cores per cpu, 2 threads per core) family 6 model 158 stepping 10 microcode 0xde, cmov, cx8, fxsr, mmx, sse, sse2, sse3, ssse3, sse4.1, sse4.2, popcnt, avx, avx2, aes, clmul, erms, 3dnowpref, lzcnt, ht, tsc, tscinvbit, bmi1, bmi2, adx, fma

Memory: 4k page, system-wide physical 8047M (715M free)
TotalPageFile size 32623M (AvailPageFile size 18M)
current process WorkingSet (physical memory assigned to process): 272M, peak: 272M
current process commit charge ("private bytes"): 339M, peak: 362M

vm_info: OpenJDK 64-Bit Server VM (11.0.10+0-b96-7249189) for windows-amd64 JRE (11.0.10+0-b96-7249189), built on Mar 31 2021 21:44:00 by "builder" with MS VC++ 14.0 (VS2015)

END.
